[0618/133335.245:ERROR:process_info.cc(329)] VirtualQueryEx: 拒绝访问。 (0x5)
[0618/133335.246:ERROR:process_info.cc(550)] ReadMemoryInfo failed
[0618/133335.246:ERROR:scoped_process_suspend.cc(40)] NtResumeProcess: 已尝试访问正在退出的过程。 (0xc000010a)
[0618/142433.377:ERROR:process_info.cc(329)] VirtualQueryEx: 拒绝访问。 (0x5)
[0618/142433.378:ERROR:process_info.cc(550)] ReadMemoryInfo failed
[0618/142433.378:ERROR:scoped_process_suspend.cc(40)] NtResumeProcess: 已尝试访问正在退出的过程。 (0xc000010a)
[0618/171438.866:ERROR:process_info.cc(329)] VirtualQueryEx: 拒绝访问。 (0x5)
[0618/171438.867:ERROR:process_info.cc(550)] ReadMemoryInfo failed
[0618/171438.867:ERROR:scoped_process_suspend.cc(40)] NtResumeProcess: 已尝试访问正在退出的过程。 (0xc000010a)
[0618/171639.271:ERROR:process_info.cc(329)] VirtualQueryEx: 拒绝访问。 (0x5)
[0618/171639.272:ERROR:process_info.cc(550)] ReadMemoryInfo failed
[0618/171639.272:ERROR:scoped_process_suspend.cc(40)] NtResumeProcess: 已尝试访问正在退出的过程。 (0xc000010a)
[0618/174615.986:ERROR:process_info.cc(329)] VirtualQueryEx: 拒绝访问。 (0x5)
[0618/174615.987:ERROR:process_info.cc(550)] ReadMemoryInfo failed
[0618/174615.987:ERROR:scoped_process_suspend.cc(40)] NtResumeProcess: 已尝试访问正在退出的过程。 (0xc000010a)
[0618/174653.889:ERROR:process_info.cc(329)] VirtualQueryEx: 拒绝访问。 (0x5)
[0618/174653.890:ERROR:process_info.cc(550)] ReadMemoryInfo failed
[0618/174653.890:ERROR:scoped_process_suspend.cc(40)] NtResumeProcess: 已尝试访问正在退出的过程。 (0xc000010a)
[0627/013924.154:ERROR:process_info.cc(375)] NtQuerySystemInformation SystemExtendedHandleInformation: 指定的信息记录长度与请求的信息类别长度不符合。 (0xc0000004)
[0627/013924.154:ERROR:process_info.cc(375)] NtQuerySystemInformation SystemExtendedHandleInformation: 指定的信息记录长度与请求的信息类别长度不符合。 (0xc0000004)
[0627/013924.154:ERROR:process_info.cc(375)] NtQuerySystemInformation SystemExtendedHandleInformation: 指定的信息记录长度与请求的信息类别长度不符合。 (0xc0000004)
[0627/013924.154:ERROR:process_info.cc(375)] NtQuerySystemInformation SystemExtendedHandleInformation: 指定的信息记录长度与请求的信息类别长度不符合。 (0xc0000004)
[0627/013924.154:ERROR:process_info.cc(375)] NtQuerySystemInformation SystemExtendedHandleInformation: 指定的信息记录长度与请求的信息类别长度不符合。 (0xc0000004)
[0627/013924.154:ERROR:process_info.cc(375)] NtQuerySystemInformation SystemExtendedHandleInformation: 指定的信息记录长度与请求的信息类别长度不符合。 (0xc0000004)
[0627/015550.745:ERROR:process_info.cc(359)] UncheckedAllocate
[0627/015552.833:ERROR:process_info.cc(375)] NtQuerySystemInformation SystemExtendedHandleInformation: 指定的信息记录长度与请求的信息类别长度不符合。 (0xc0000004)
[0627/015552.830:ERROR:process_info.cc(375)] NtQuerySystemInformation SystemExtendedHandleInformation: 指定的信息记录长度与请求的信息类别长度不符合。 (0xc0000004)
[0627/015552.833:ERROR:process_info.cc(375)] NtQuerySystemInformation SystemExtendedHandleInformation: 指定的信息记录长度与请求的信息类别长度不符合。 (0xc0000004)
[0627/015552.832:ERROR:process_info.cc(375)] NtQuerySystemInformation SystemExtendedHandleInformation: 指定的信息记录长度与请求的信息类别长度不符合。 (0xc0000004)
[0627/023117.595:ERROR:filesystem_win.cc(148)] DeleteFile C:\Users\ADMINI~1\AppData\Local\Temp\scoped_dir142764_28017\Crashpad\reports\c8d320e8-988b-410a-87ca-c22d36eff49f.dmp: 另一个程序正在使用此文件，进程无法访问。 (0x20)
[0627/023410.043:ERROR:process_info.cc(359)] UncheckedAllocate
[0627/025235.212:ERROR:process_info.cc(359)] UncheckedAllocate
[0627/071243.569:ERROR:process_info.cc(375)] NtQuerySystemInformation SystemExtendedHandleInformation: 指定的信息记录长度与请求的信息类别长度不符合。 (0xc0000004)
[0627/071243.569:ERROR:process_info.cc(375)] NtQuerySystemInformation SystemExtendedHandleInformation: 指定的信息记录长度与请求的信息类别长度不符合。 (0xc0000004)
[0627/071243.569:ERROR:process_info.cc(375)] NtQuerySystemInformation SystemExtendedHandleInformation: 指定的信息记录长度与请求的信息类别长度不符合。 (0xc0000004)
[0627/071243.569:ERROR:process_info.cc(375)] NtQuerySystemInformation SystemExtendedHandleInformation: 指定的信息记录长度与请求的信息类别长度不符合。 (0xc0000004)
[0627/074921.386:ERROR:process_info.cc(359)] UncheckedAllocate
[0627/074926.113:ERROR:process_info.cc(359)] UncheckedAllocate
[0627/074926.159:ERROR:process_info.cc(359)] UncheckedAllocate
[0627/074926.157:ERROR:process_info.cc(359)] UncheckedAllocate
[0627/074926.160:ERROR:process_info.cc(359)] UncheckedAllocate
[0627/074926.156:ERROR:process_info.cc(359)] UncheckedAllocate
[0627/074926.158:ERROR:process_info.cc(359)] UncheckedAllocate
[0627/074926.161:ERROR:process_info.cc(359)] UncheckedAllocate
[0627/074951.916:ERROR:file_io.cc(134)] WriteFile: Error (0x3AFC) while retrieving error. (0x8)
[0627/075121.568:ERROR:process_info.cc(359)] UncheckedAllocate
[0627/075235.820:ERROR:scoped_process_suspend.cc(31)] NtSuspendProcess: 已尝试访问正在退出的过程。 (0xc000010a)
[0627/075248.330:ERROR:process_reader_win.cc(151)] SuspendThread: 拒绝访问。 (0x5)
[0627/075249.079:ERROR:process_reader_win.cc(151)] SuspendThread: 拒绝访问。 (0x5)
[0627/075249.079:ERROR:exception_snapshot_win.cc(98)] thread ID 149780 not found in process
[0627/075250.490:ERROR:scoped_process_suspend.cc(31)] NtSuspendProcess: 已尝试访问正在退出的过程。 (0xc000010a)
[0627/075254.595:ERROR:process_reader_win.cc(151)] SuspendThread: 拒绝访问。 (0x5)
[0627/075255.683:ERROR:process_reader_win.cc(151)] SuspendThread: 拒绝访问。 (0x5)
[0627/075255.683:ERROR:process_reader_win.cc(151)] SuspendThread: 拒绝访问。 (0x5)
[0627/075255.793:ERROR:exception_snapshot_win.cc(98)] thread ID 146840 not found in process
[0627/075256.252:ERROR:process_reader_win.cc(151)] SuspendThread: 拒绝访问。 (0x5)
[0627/075256.963:ERROR:process_reader_win.cc(151)] SuspendThread: 拒绝访问。 (0x5)
[0627/075256.963:ERROR:process_reader_win.cc(151)] SuspendThread: 拒绝访问。 (0x5)
[0627/075256.963:ERROR:process_reader_win.cc(151)] SuspendThread: 拒绝访问。 (0x5)
[0627/075256.963:ERROR:process_reader_win.cc(151)] SuspendThread: 拒绝访问。 (0x5)
[0627/075256.963:ERROR:process_reader_win.cc(151)] SuspendThread: 拒绝访问。 (0x5)
[0627/075256.963:ERROR:process_reader_win.cc(151)] SuspendThread: 拒绝访问。 (0x5)
[0627/075256.963:ERROR:process_reader_win.cc(151)] SuspendThread: 拒绝访问。 (0x5)
[0627/075256.963:ERROR:process_reader_win.cc(151)] SuspendThread: 拒绝访问。 (0x5)
[0627/075256.963:ERROR:process_reader_win.cc(151)] SuspendThread: 拒绝访问。 (0x5)
[0627/075256.963:ERROR:process_reader_win.cc(151)] SuspendThread: 拒绝访问。 (0x5)
[0627/075256.963:ERROR:process_reader_win.cc(151)] SuspendThread: 拒绝访问。 (0x5)
[0627/075256.963:ERROR:process_reader_win.cc(151)] SuspendThread: 拒绝访问。 (0x5)
[0627/075256.963:ERROR:process_reader_win.cc(151)] SuspendThread: 拒绝访问。 (0x5)
[0627/075256.963:ERROR:process_reader_win.cc(151)] SuspendThread: 拒绝访问。 (0x5)
[0627/075256.971:ERROR:exception_snapshot_win.cc(98)] thread ID 99944 not found in process
[0627/075259.775:ERROR:process_reader_win.cc(151)] SuspendThread: 拒绝访问。 (0x5)
[0627/075300.839:ERROR:process_reader_win.cc(151)] SuspendThread: 拒绝访问。 (0x5)
[0627/075300.840:ERROR:exception_snapshot_win.cc(98)] thread ID 84148 not found in process
[0627/075305.928:ERROR:process_reader_win.cc(151)] SuspendThread: 拒绝访问。 (0x5)
[0627/075306.624:ERROR:process_reader_win.cc(151)] SuspendThread: 拒绝访问。 (0x5)
[0627/075306.624:ERROR:process_reader_win.cc(151)] SuspendThread: 拒绝访问。 (0x5)
[0627/075306.625:ERROR:exception_snapshot_win.cc(98)] thread ID 104000 not found in process
[0627/075305.588:ERROR:scoped_process_suspend.cc(31)] NtSuspendProcess: 已尝试访问正在退出的过程。 (0xc000010a)
[0627/075308.034:ERROR:process_reader_win.cc(151)] SuspendThread: 拒绝访问。 (0x5)
[0627/075308.879:ERROR:exception_snapshot_win.cc(98)] thread ID 163932 not found in process
[0627/075309.760:ERROR:process_reader_win.cc(151)] SuspendThread: 拒绝访问。 (0x5)
[0627/075310.340:ERROR:exception_snapshot_win.cc(98)] thread ID 93180 not found in process
[0627/075310.173:ERROR:process_reader_win.cc(151)] SuspendThread: 拒绝访问。 (0x5)
[0627/075310.340:ERROR:scoped_process_suspend.cc(40)] NtResumeProcess: 已尝试访问正在退出的过程。 (0xc000010a)
[0627/075311.492:ERROR:process_reader_win.cc(151)] SuspendThread: 拒绝访问。 (0x5)
[0627/075311.492:ERROR:exception_snapshot_win.cc(98)] thread ID 86272 not found in process
[0627/075313.052:ERROR:process_reader_win.cc(151)] SuspendThread: 拒绝访问。 (0x5)
[0627/075313.804:ERROR:process_reader_win.cc(151)] SuspendThread: 拒绝访问。 (0x5)
[0627/075313.804:ERROR:exception_snapshot_win.cc(98)] thread ID 102408 not found in process
[0627/075317.555:ERROR:process_reader_win.cc(151)] SuspendThread: 拒绝访问。 (0x5)
[0627/075317.762:ERROR:exception_snapshot_win.cc(98)] thread ID 155000 not found in process
[0627/075317.762:ERROR:scoped_process_suspend.cc(40)] NtResumeProcess: 已尝试访问正在退出的过程。 (0xc000010a)
[0627/075317.436:ERROR:scoped_process_suspend.cc(31)] NtSuspendProcess: 已尝试访问正在退出的过程。 (0xc000010a)
[0627/075320.973:ERROR:process_reader_win.cc(151)] SuspendThread: 拒绝访问。 (0x5)
[0627/075322.410:ERROR:exception_snapshot_win.cc(98)] thread ID 127356 not found in process
[0627/075321.209:ERROR:process_reader_win.cc(151)] SuspendThread: 拒绝访问。 (0x5)
[0627/075322.418:ERROR:exception_snapshot_win.cc(98)] thread ID 93572 not found in process
[0627/075322.411:ERROR:scoped_process_suspend.cc(40)] NtResumeProcess: 已尝试访问正在退出的过程。 (0xc000010a)
[0627/075324.168:ERROR:process_reader_win.cc(151)] SuspendThread: 拒绝访问。 (0x5)
[0627/075324.223:ERROR:exception_snapshot_win.cc(98)] thread ID 91012 not found in process
[0627/075324.223:ERROR:scoped_process_suspend.cc(40)] NtResumeProcess: 已尝试访问正在退出的过程。 (0xc000010a)
[0627/075332.471:ERROR:process_reader_win.cc(151)] SuspendThread: 拒绝访问。 (0x5)
[0627/075333.084:ERROR:process_reader_win.cc(151)] SuspendThread: 拒绝访问。 (0x5)
[0627/075333.084:ERROR:process_reader_win.cc(151)] SuspendThread: 拒绝访问。 (0x5)
[0627/075333.084:ERROR:process_reader_win.cc(151)] SuspendThread: 拒绝访问。 (0x5)
[0627/075333.084:ERROR:exception_snapshot_win.cc(98)] thread ID 151780 not found in process
[0627/075334.119:ERROR:process_reader_win.cc(151)] SuspendThread: 拒绝访问。 (0x5)
[0627/075334.858:ERROR:process_reader_win.cc(151)] SuspendThread: 拒绝访问。 (0x5)
[0627/075334.858:ERROR:exception_snapshot_win.cc(98)] thread ID 73796 not found in process
[0627/075335.132:ERROR:process_reader_win.cc(151)] SuspendThread: 拒绝访问。 (0x5)
[0627/075335.681:ERROR:process_reader_win.cc(151)] SuspendThread: 拒绝访问。 (0x5)
[0627/075335.681:ERROR:exception_snapshot_win.cc(98)] thread ID 130376 not found in process
[0627/075335.947:ERROR:process_reader_win.cc(151)] SuspendThread: 拒绝访问。 (0x5)
[0627/075336.312:ERROR:exception_snapshot_win.cc(98)] thread ID 81360 not found in process
[0627/075336.252:ERROR:process_reader_win.cc(151)] SuspendThread: 拒绝访问。 (0x5)
[0627/075336.899:ERROR:process_reader_win.cc(151)] SuspendThread: 拒绝访问。 (0x5)
[0627/075336.899:ERROR:process_reader_win.cc(151)] SuspendThread: 拒绝访问。 (0x5)
[0627/075336.899:ERROR:exception_snapshot_win.cc(98)] thread ID 80608 not found in process
[0627/075340.346:ERROR:process_reader_win.cc(151)] SuspendThread: 拒绝访问。 (0x5)
[0627/075340.346:ERROR:process_reader_win.cc(151)] SuspendThread: 拒绝访问。 (0x5)
[0627/075340.346:ERROR:process_reader_win.cc(151)] SuspendThread: 拒绝访问。 (0x5)
[0627/075340.346:ERROR:process_reader_win.cc(151)] SuspendThread: 拒绝访问。 (0x5)
[0627/075340.346:ERROR:process_reader_win.cc(151)] SuspendThread: 拒绝访问。 (0x5)
[0627/075340.346:ERROR:process_reader_win.cc(151)] SuspendThread: 拒绝访问。 (0x5)
[0627/075340.346:ERROR:process_reader_win.cc(151)] SuspendThread: 拒绝访问。 (0x5)
[0627/075340.346:ERROR:process_reader_win.cc(151)] SuspendThread: 拒绝访问。 (0x5)
[0627/075340.346:ERROR:process_reader_win.cc(151)] SuspendThread: 拒绝访问。 (0x5)
[0627/075340.346:ERROR:process_reader_win.cc(151)] SuspendThread: 拒绝访问。 (0x5)
[0627/075340.346:ERROR:process_reader_win.cc(151)] SuspendThread: 拒绝访问。 (0x5)
[0627/075340.596:ERROR:exception_snapshot_win.cc(98)] thread ID 110892 not found in process
[0627/075341.008:ERROR:process_reader_win.cc(151)] SuspendThread: 拒绝访问。 (0x5)
[0627/075341.823:ERROR:exception_snapshot_win.cc(98)] thread ID 101028 not found in process
[0627/075350.977:ERROR:process_reader_win.cc(151)] SuspendThread: 拒绝访问。 (0x5)
[0627/075350.998:ERROR:exception_snapshot_win.cc(98)] thread ID 99856 not found in process
[0627/075350.998:ERROR:scoped_process_suspend.cc(40)] NtResumeProcess: 已尝试访问正在退出的过程。 (0xc000010a)
[0627/075351.714:ERROR:process_reader_win.cc(151)] SuspendThread: 拒绝访问。 (0x5)
[0627/075352.710:ERROR:exception_snapshot_win.cc(98)] thread ID 123396 not found in process
[0627/075353.357:ERROR:scoped_process_suspend.cc(31)] NtSuspendProcess: 已尝试访问正在退出的过程。 (0xc000010a)
[0627/075357.789:ERROR:process_reader_win.cc(151)] SuspendThread: 拒绝访问。 (0x5)
[0627/075358.280:ERROR:process_reader_win.cc(151)] SuspendThread: 拒绝访问。 (0x5)
[0627/075358.280:ERROR:process_reader_win.cc(151)] SuspendThread: 拒绝访问。 (0x5)
[0627/075358.280:ERROR:process_reader_win.cc(151)] SuspendThread: 拒绝访问。 (0x5)
[0627/075358.280:ERROR:exception_snapshot_win.cc(98)] thread ID 82456 not found in process
[0627/075358.437:ERROR:process_reader_win.cc(151)] SuspendThread: 拒绝访问。 (0x5)
[0627/075359.128:ERROR:exception_snapshot_win.cc(98)] thread ID 180400 not found in process
[0627/075359.128:ERROR:scoped_process_suspend.cc(40)] NtResumeProcess: 已尝试访问正在退出的过程。 (0xc000010a)
[0627/075400.508:ERROR:process_reader_win.cc(151)] SuspendThread: 拒绝访问。 (0x5)
[0627/075401.303:ERROR:exception_snapshot_win.cc(98)] thread ID 137268 not found in process
[0627/075402.610:ERROR:process_reader_win.cc(151)] SuspendThread: 拒绝访问。 (0x5)
[0627/075404.228:ERROR:exception_snapshot_win.cc(98)] thread ID 93900 not found in process
[0627/075404.229:ERROR:scoped_process_suspend.cc(40)] NtResumeProcess: 已尝试访问正在退出的过程。 (0xc000010a)
[0627/075403.928:ERROR:scoped_process_suspend.cc(31)] NtSuspendProcess: 已尝试访问正在退出的过程。 (0xc000010a)
[0627/075406.938:ERROR:scoped_process_suspend.cc(31)] NtSuspendProcess: 已尝试访问正在退出的过程。 (0xc000010a)
[0627/075408.689:ERROR:process_reader_win.cc(151)] SuspendThread: 拒绝访问。 (0x5)
[0627/075409.132:ERROR:exception_snapshot_win.cc(98)] thread ID 116924 not found in process
[0627/075407.947:ERROR:process_reader_win.cc(151)] SuspendThread: 拒绝访问。 (0x5)
[0627/075409.942:ERROR:exception_snapshot_win.cc(98)] thread ID 135232 not found in process
[0627/075409.942:ERROR:scoped_process_suspend.cc(40)] NtResumeProcess: 已尝试访问正在退出的过程。 (0xc000010a)
[0627/075411.030:ERROR:process_reader_win.cc(151)] SuspendThread: 拒绝访问。 (0x5)
[0627/075412.405:ERROR:exception_snapshot_win.cc(98)] thread ID 65192 not found in process
[0627/075412.405:ERROR:scoped_process_suspend.cc(40)] NtResumeProcess: 已尝试访问正在退出的过程。 (0xc000010a)
[0627/075410.334:ERROR:scoped_process_suspend.cc(31)] NtSuspendProcess: 已尝试访问正在退出的过程。 (0xc000010a)
[0627/075414.130:ERROR:process_reader_win.cc(151)] SuspendThread: 拒绝访问。 (0x5)
[0627/075416.881:ERROR:exception_snapshot_win.cc(98)] thread ID 15144 not found in process
[0627/075420.636:ERROR:scoped_process_suspend.cc(31)] NtSuspendProcess: 已尝试访问正在退出的过程。 (0xc000010a)
[0627/075416.305:ERROR:scoped_process_suspend.cc(31)] NtSuspendProcess: 已尝试访问正在退出的过程。 (0xc000010a)
[0627/075426.980:ERROR:process_reader_win.cc(151)] SuspendThread: 拒绝访问。 (0x5)
[0627/075427.785:ERROR:exception_snapshot_win.cc(98)] thread ID 53860 not found in process
[0627/075427.785:ERROR:scoped_process_suspend.cc(40)] NtResumeProcess: 已尝试访问正在退出的过程。 (0xc000010a)
[0627/075427.493:ERROR:scoped_process_suspend.cc(31)] NtSuspendProcess: 已尝试访问正在退出的过程。 (0xc000010a)
[0627/075421.097:ERROR:process_reader_win.cc(151)] SuspendThread: 拒绝访问。 (0x5)
[0627/075419.238:ERROR:process_reader_win.cc(151)] SuspendThread: 拒绝访问。 (0x5)
[0627/075430.760:ERROR:exception_snapshot_win.cc(98)] thread ID 147300 not found in process
[0627/075430.877:ERROR:exception_snapshot_win.cc(98)] thread ID 117024 not found in process
[0627/075430.760:ERROR:scoped_process_suspend.cc(40)] NtResumeProcess: 已尝试访问正在退出的过程。 (0xc000010a)
[0627/075434.870:ERROR:process_reader_win.cc(151)] SuspendThread: 拒绝访问。 (0x5)
[0627/075434.870:ERROR:process_reader_win.cc(151)] SuspendThread: 拒绝访问。 (0x5)
[0627/075438.049:ERROR:exception_snapshot_win.cc(98)] thread ID 116168 not found in process
[0627/075425.834:ERROR:process_reader_win.cc(151)] SuspendThread: 拒绝访问。 (0x5)
[0627/075438.403:ERROR:exception_snapshot_win.cc(98)] thread ID 86296 not found in process
[0627/075439.027:ERROR:exception_snapshot_win.cc(98)] thread ID 135424 not found in process
[0627/075439.027:ERROR:scoped_process_suspend.cc(40)] NtResumeProcess: 已尝试访问正在退出的过程。 (0xc000010a)
[0627/075430.047:ERROR:process_reader_win.cc(151)] SuspendThread: 拒绝访问。 (0x5)
[0627/075441.249:ERROR:exception_snapshot_win.cc(98)] thread ID 82692 not found in process
[0627/075441.249:ERROR:scoped_process_suspend.cc(40)] NtResumeProcess: 已尝试访问正在退出的过程。 (0xc000010a)
[0627/075431.753:ERROR:process_reader_win.cc(151)] SuspendThread: 拒绝访问。 (0x5)
[0627/075443.169:ERROR:exception_snapshot_win.cc(98)] thread ID 118280 not found in process
[0627/075436.419:ERROR:process_reader_win.cc(151)] SuspendThread: 拒绝访问。 (0x5)
[0627/075445.541:ERROR:exception_snapshot_win.cc(98)] thread ID 76276 not found in process
[0627/075431.297:ERROR:scoped_process_suspend.cc(31)] NtSuspendProcess: 已尝试访问正在退出的过程。 (0xc000010a)
[0627/075433.863:ERROR:process_reader_win.cc(151)] SuspendThread: 拒绝访问。 (0x5)
[0627/075446.017:ERROR:exception_snapshot_win.cc(98)] thread ID 70660 not found in process
[0627/075437.329:ERROR:process_reader_win.cc(151)] SuspendThread: 拒绝访问。 (0x5)
[0627/075434.282:ERROR:scoped_process_suspend.cc(31)] NtSuspendProcess: 已尝试访问正在退出的过程。 (0xc000010a)
[0627/075446.301:ERROR:exception_snapshot_win.cc(98)] thread ID 87492 not found in process
[0627/075432.189:ERROR:scoped_process_suspend.cc(31)] NtSuspendProcess: 已尝试访问正在退出的过程。 (0xc000010a)
[0627/075434.484:ERROR:process_reader_win.cc(151)] SuspendThread: 拒绝访问。 (0x5)
[0627/075446.626:ERROR:exception_snapshot_win.cc(98)] thread ID 92684 not found in process
[0627/075446.746:ERROR:process_reader_win.cc(151)] SuspendThread: 拒绝访问。 (0x5)
[0627/075446.747:ERROR:exception_snapshot_win.cc(98)] thread ID 90488 not found in process
[0627/075447.397:ERROR:scoped_process_suspend.cc(31)] NtSuspendProcess: 已尝试访问正在退出的过程。 (0xc000010a)
[0627/075455.476:ERROR:process_reader_win.cc(151)] SuspendThread: 拒绝访问。 (0x5)
[0627/075455.476:ERROR:exception_snapshot_win.cc(98)] thread ID 69780 not found in process
[0627/075457.739:ERROR:process_reader_win.cc(151)] SuspendThread: 拒绝访问。 (0x5)
[0627/075457.739:ERROR:exception_snapshot_win.cc(98)] thread ID 149176 not found in process
[0627/075457.739:ERROR:scoped_process_suspend.cc(40)] NtResumeProcess: 已尝试访问正在退出的过程。 (0xc000010a)
[0627/075445.541:ERROR:scoped_process_suspend.cc(40)] NtResumeProcess: 已尝试访问正在退出的过程。 (0xc000010a)
[0627/075448.447:ERROR:process_reader_win.cc(151)] SuspendThread: 拒绝访问。 (0x5)
[0627/075450.707:ERROR:process_reader_win.cc(151)] SuspendThread: 拒绝访问。 (0x5)
[0627/075514.841:ERROR:exception_snapshot_win.cc(98)] thread ID 113620 not found in process
[0627/075514.841:ERROR:exception_snapshot_win.cc(98)] thread ID 144216 not found in process
[0627/075514.841:ERROR:scoped_process_suspend.cc(40)] NtResumeProcess: 已尝试访问正在退出的过程。 (0xc000010a)
[0627/075446.301:ERROR:scoped_process_suspend.cc(40)] NtResumeProcess: 已尝试访问正在退出的过程。 (0xc000010a)
[0627/075446.626:ERROR:scoped_process_suspend.cc(40)] NtResumeProcess: 已尝试访问正在退出的过程。 (0xc000010a)
[0627/075503.252:ERROR:process_reader_win.cc(151)] SuspendThread: 拒绝访问。 (0x5)
[0627/075516.343:ERROR:exception_snapshot_win.cc(98)] thread ID 63816 not found in process
[0627/075505.824:ERROR:process_reader_win.cc(151)] SuspendThread: 拒绝访问。 (0x5)
[0627/075446.017:ERROR:scoped_process_suspend.cc(40)] NtResumeProcess: 已尝试访问正在退出的过程。 (0xc000010a)
[0627/075436.648:ERROR:process_reader_win.cc(151)] SuspendThread: 拒绝访问。 (0x5)
[0627/075517.078:ERROR:exception_snapshot_win.cc(98)] thread ID 129380 not found in process
[0627/075440.659:ERROR:scoped_process_suspend.cc(31)] NtSuspendProcess: 已尝试访问正在退出的过程。 (0xc000010a)
[0627/075436.944:ERROR:process_reader_win.cc(151)] SuspendThread: 拒绝访问。 (0x5)
[0627/075442.393:ERROR:process_reader_win.cc(151)] SuspendThread: 拒绝访问。 (0x5)
[0627/075439.404:ERROR:scoped_process_suspend.cc(31)] NtSuspendProcess: 已尝试访问正在退出的过程。 (0xc000010a)
[0627/075435.720:ERROR:process_reader_win.cc(151)] SuspendThread: 拒绝访问。 (0x5)
[0627/075439.841:ERROR:scoped_process_suspend.cc(31)] NtSuspendProcess: 已尝试访问正在退出的过程。 (0xc000010a)
[0627/075517.079:ERROR:exception_snapshot_win.cc(98)] thread ID 131760 not found in process
[0627/075517.079:ERROR:exception_snapshot_win.cc(98)] thread ID 123252 not found in process
[0627/075517.079:ERROR:exception_snapshot_win.cc(98)] thread ID 131232 not found in process
[0627/075517.079:ERROR:exception_snapshot_win.cc(98)] thread ID 126412 not found in process
[0627/075517.194:ERROR:process_reader_win.cc(151)] SuspendThread: 拒绝访问。 (0x5)
[0627/075517.194:ERROR:exception_snapshot_win.cc(98)] thread ID 121508 not found in process
[0627/075518.548:ERROR:process_info.cc(359)] UncheckedAllocate
[0627/075517.078:ERROR:scoped_process_suspend.cc(40)] NtResumeProcess: 已尝试访问正在退出的过程。 (0xc000010a)
[0627/075517.079:ERROR:scoped_process_suspend.cc(40)] NtResumeProcess: 已尝试访问正在退出的过程。 (0xc000010a)
[0627/075517.079:ERROR:scoped_process_suspend.cc(40)] NtResumeProcess: 已尝试访问正在退出的过程。 (0xc000010a)
[0627/075517.079:ERROR:scoped_process_suspend.cc(40)] NtResumeProcess: 已尝试访问正在退出的过程。 (0xc000010a)
[0627/075456.504:ERROR:process_reader_win.cc(151)] SuspendThread: 拒绝访问。 (0x5)
[0627/075532.698:ERROR:exception_snapshot_win.cc(98)] thread ID 137320 not found in process
[0627/075451.146:ERROR:scoped_process_suspend.cc(31)] NtSuspendProcess: 已尝试访问正在退出的过程。 (0xc000010a)
[0627/075443.997:ERROR:scoped_process_suspend.cc(31)] NtSuspendProcess: 已尝试访问正在退出的过程。 (0xc000010a)
[0627/075458.219:ERROR:process_reader_win.cc(151)] SuspendThread: 拒绝访问。 (0x5)
[0627/075503.986:ERROR:process_reader_win.cc(151)] SuspendThread: 拒绝访问。 (0x5)
[0627/075537.067:ERROR:exception_snapshot_win.cc(98)] thread ID 69000 not found in process
[0627/075537.067:ERROR:exception_snapshot_win.cc(98)] thread ID 52524 not found in process
[0627/075454.993:ERROR:process_reader_win.cc(151)] SuspendThread: 拒绝访问。 (0x5)
[0627/075446.097:ERROR:scoped_process_suspend.cc(31)] NtSuspendProcess: 已尝试访问正在退出的过程。 (0xc000010a)
[0627/075508.052:ERROR:process_reader_win.cc(151)] SuspendThread: 拒绝访问。 (0x5)
[0627/075445.265:ERROR:scoped_process_suspend.cc(31)] NtSuspendProcess: 已尝试访问正在退出的过程。 (0xc000010a)
[0627/075455.849:ERROR:process_reader_win.cc(151)] SuspendThread: 拒绝访问。 (0x5)
[0627/075511.300:ERROR:process_reader_win.cc(151)] SuspendThread: 拒绝访问。 (0x5)
[0627/075507.584:ERROR:scoped_process_suspend.cc(31)] NtSuspendProcess: 已尝试访问正在退出的过程。 (0xc000010a)
[0627/075538.047:ERROR:exception_snapshot_win.cc(98)] thread ID 98340 not found in process
[0627/075538.047:ERROR:exception_snapshot_win.cc(98)] thread ID 72728 not found in process
[0627/075459.802:ERROR:scoped_process_suspend.cc(31)] NtSuspendProcess: 已尝试访问正在退出的过程。 (0xc000010a)
[0627/075451.218:ERROR:process_reader_win.cc(151)] SuspendThread: 拒绝访问。 (0x5)
[0627/075517.207:ERROR:process_reader_win.cc(151)] SuspendThread: 拒绝访问。 (0x5)
[0627/075458.243:ERROR:process_reader_win.cc(151)] SuspendThread: 拒绝访问。 (0x5)
[0627/075445.431:ERROR:scoped_process_suspend.cc(31)] NtSuspendProcess: 已尝试访问正在退出的过程。 (0xc000010a)
[0627/075538.149:ERROR:exception_snapshot_win.cc(98)] thread ID 132608 not found in process
[0627/075538.351:ERROR:exception_snapshot_win.cc(98)] thread ID 75260 not found in process
[0627/075539.004:ERROR:exception_snapshot_win.cc(98)] thread ID 96700 not found in process
[0627/075539.004:ERROR:exception_snapshot_win.cc(98)] thread ID 63436 not found in process
[0627/075539.004:ERROR:exception_snapshot_win.cc(98)] thread ID 151544 not found in process
[0627/075541.017:ERROR:process_reader_win.cc(151)] SuspendThread: 拒绝访问。 (0x5)
[0627/075541.097:ERROR:exception_snapshot_win.cc(98)] thread ID 68664 not found in process
[0627/075539.004:ERROR:scoped_process_suspend.cc(40)] NtResumeProcess: 已尝试访问正在退出的过程。 (0xc000010a)
[0627/075537.067:ERROR:scoped_process_suspend.cc(40)] NtResumeProcess: 已尝试访问正在退出的过程。 (0xc000010a)
[0627/075538.149:ERROR:scoped_process_suspend.cc(40)] NtResumeProcess: 已尝试访问正在退出的过程。 (0xc000010a)
[0627/075449.074:ERROR:process_reader_win.cc(151)] SuspendThread: 拒绝访问。 (0x5)
[0627/075447.286:ERROR:process_reader_win.cc(151)] SuspendThread: 拒绝访问。 (0x5)
[0627/075557.044:ERROR:exception_snapshot_win.cc(98)] thread ID 132348 not found in process
[0627/075557.702:ERROR:exception_snapshot_win.cc(98)] thread ID 67620 not found in process
[0627/075557.702:ERROR:scoped_process_suspend.cc(40)] NtResumeProcess: 已尝试访问正在退出的过程。 (0xc000010a)
[0627/075502.196:ERROR:scoped_process_suspend.cc(31)] NtSuspendProcess: 已尝试访问正在退出的过程。 (0xc000010a)
[0627/075504.178:ERROR:scoped_process_suspend.cc(31)] NtSuspendProcess: 已尝试访问正在退出的过程。 (0xc000010a)
[0627/075503.176:ERROR:process_reader_win.cc(151)] SuspendThread: 拒绝访问。 (0x5)
[0627/075621.431:ERROR:exception_snapshot_win.cc(98)] thread ID 185220 not found in process
[0627/075443.824:ERROR:scoped_process_suspend.cc(31)] NtSuspendProcess: 已尝试访问正在退出的过程。 (0xc000010a)
[0627/075504.709:ERROR:process_reader_win.cc(151)] SuspendThread: 拒绝访问。 (0x5)
[0627/075621.432:ERROR:scoped_process_suspend.cc(40)] NtResumeProcess: 已尝试访问正在退出的过程。 (0xc000010a)
[0627/075622.875:ERROR:exception_snapshot_win.cc(98)] thread ID 103844 not found in process
[0627/075532.732:ERROR:scoped_process_suspend.cc(31)] NtSuspendProcess: 已尝试访问正在退出的过程。 (0xc000010a)
[0627/075557.368:ERROR:process_reader_win.cc(151)] SuspendThread: 拒绝访问。 (0x5)
[0627/075633.472:ERROR:exception_snapshot_win.cc(98)] thread ID 131996 not found in process
[0627/075629.444:ERROR:process_reader_win.cc(151)] SuspendThread: 拒绝访问。 (0x5)
[0627/075557.044:ERROR:scoped_process_suspend.cc(40)] NtResumeProcess: 已尝试访问正在退出的过程。 (0xc000010a)
[0627/075634.845:ERROR:exception_snapshot_win.cc(98)] thread ID 88960 not found in process
[0627/075513.957:ERROR:scoped_process_suspend.cc(31)] NtSuspendProcess: 已尝试访问正在退出的过程。 (0xc000010a)
[0627/075520.840:ERROR:process_reader_win.cc(151)] SuspendThread: 拒绝访问。 (0x5)
[0627/075521.228:ERROR:process_reader_win.cc(151)] SuspendThread: 拒绝访问。 (0x5)
[0627/075634.845:ERROR:exception_snapshot_win.cc(98)] thread ID 158488 not found in process
[0627/075634.845:ERROR:exception_snapshot_win.cc(98)] thread ID 107696 not found in process
[0627/075601.814:ERROR:process_reader_win.cc(151)] SuspendThread: 拒绝访问。 (0x5)
[0627/075637.152:ERROR:exception_snapshot_win.cc(98)] thread ID 88420 not found in process
[0627/075629.070:ERROR:process_reader_win.cc(151)] SuspendThread: 拒绝访问。 (0x5)
[0627/075637.154:ERROR:exception_snapshot_win.cc(98)] thread ID 131752 not found in process
[0627/075517.737:ERROR:process_reader_win.cc(151)] SuspendThread: 拒绝访问。 (0x5)
[0627/075642.925:ERROR:exception_snapshot_win.cc(98)] thread ID 103028 not found in process
[0627/075546.222:ERROR:scoped_process_suspend.cc(31)] NtSuspendProcess: 已尝试访问正在退出的过程。 (0xc000010a)
[0627/075555.370:ERROR:process_reader_win.cc(151)] SuspendThread: 拒绝访问。 (0x5)
[0627/075646.662:ERROR:exception_snapshot_win.cc(98)] thread ID 62572 not found in process
[0627/075556.470:ERROR:process_reader_win.cc(151)] SuspendThread: 拒绝访问。 (0x5)
[0627/075623.261:ERROR:scoped_process_suspend.cc(31)] NtSuspendProcess: 已尝试访问正在退出的过程。 (0xc000010a)
[0627/075654.190:ERROR:exception_snapshot_win.cc(98)] thread ID 142328 not found in process
[0627/075649.917:ERROR:process_reader_win.cc(151)] SuspendThread: 拒绝访问。 (0x5)
[0627/075654.863:ERROR:exception_snapshot_win.cc(98)] thread ID 78928 not found in process
[0627/075622.875:ERROR:scoped_process_suspend.cc(40)] NtResumeProcess: 已尝试访问正在退出的过程。 (0xc000010a)
[0627/075656.294:ERROR:process_reader_win.cc(151)] SuspendThread: 拒绝访问。 (0x5)
[0627/075657.346:ERROR:exception_snapshot_win.cc(98)] thread ID 77096 not found in process
[0627/075631.702:ERROR:process_reader_win.cc(151)] SuspendThread: 拒绝访问。 (0x5)
[0627/075657.776:ERROR:exception_snapshot_win.cc(98)] thread ID 87580 not found in process
[0627/075654.190:ERROR:scoped_process_suspend.cc(40)] NtResumeProcess: 已尝试访问正在退出的过程。 (0xc000010a)
[0627/075656.400:ERROR:process_reader_win.cc(151)] SuspendThread: 拒绝访问。 (0x5)
[0627/075701.326:ERROR:exception_snapshot_win.cc(98)] thread ID 180952 not found in process
[0627/075701.326:ERROR:scoped_process_suspend.cc(40)] NtResumeProcess: 已尝试访问正在退出的过程。 (0xc000010a)
[0627/075608.255:ERROR:process_reader_win.cc(151)] SuspendThread: 拒绝访问。 (0x5)
[0627/075702.761:ERROR:exception_snapshot_win.cc(98)] thread ID 153088 not found in process
[0627/075618.148:ERROR:scoped_process_suspend.cc(31)] NtSuspendProcess: 已尝试访问正在退出的过程。 (0xc000010a)
[0627/075642.925:ERROR:process_reader_win.cc(151)] SuspendThread: 拒绝访问。 (0x5)
[0627/075701.669:ERROR:process_reader_win.cc(151)] SuspendThread: 拒绝访问。 (0x5)
[0627/075705.403:ERROR:exception_snapshot_win.cc(98)] thread ID 139184 not found in process
[0627/075706.690:ERROR:exception_snapshot_win.cc(98)] thread ID 156492 not found in process
[0627/075642.311:ERROR:scoped_process_suspend.cc(31)] NtSuspendProcess: 已尝试访问正在退出的过程。 (0xc000010a)
[0627/075654.186:ERROR:scoped_process_suspend.cc(31)] NtSuspendProcess: 已尝试访问正在退出的过程。 (0xc000010a)
[0627/075702.761:ERROR:scoped_process_suspend.cc(40)] NtResumeProcess: 已尝试访问正在退出的过程。 (0xc000010a)
[0627/075658.697:ERROR:process_reader_win.cc(151)] SuspendThread: 拒绝访问。 (0x5)
[0627/075645.148:ERROR:scoped_process_suspend.cc(31)] NtSuspendProcess: 已尝试访问正在退出的过程。 (0xc000010a)
[0627/075707.648:ERROR:exception_snapshot_win.cc(98)] thread ID 137168 not found in process
[0627/075541.576:ERROR:process_reader_win.cc(151)] SuspendThread: 拒绝访问。 (0x5)
[0627/075709.388:ERROR:exception_snapshot_win.cc(98)] thread ID 101952 not found in process
[0627/075624.765:ERROR:process_reader_win.cc(151)] SuspendThread: 拒绝访问。 (0x5)
[0627/075709.984:ERROR:exception_snapshot_win.cc(98)] thread ID 96600 not found in process
[0627/075649.877:ERROR:scoped_process_suspend.cc(31)] NtSuspendProcess: 已尝试访问正在退出的过程。 (0xc000010a)
[0627/075615.528:ERROR:process_reader_win.cc(151)] SuspendThread: 拒绝访问。 (0x5)
[0627/075652.068:ERROR:process_reader_win.cc(151)] SuspendThread: 拒绝访问。 (0x5)
[0627/075710.206:ERROR:exception_snapshot_win.cc(98)] thread ID 134864 not found in process
[0627/075710.206:ERROR:exception_snapshot_win.cc(98)] thread ID 130656 not found in process
[0627/075606.429:ERROR:scoped_process_suspend.cc(31)] NtSuspendProcess: 已尝试访问正在退出的过程。 (0xc000010a)
[0627/075709.388:ERROR:scoped_process_suspend.cc(40)] NtResumeProcess: 已尝试访问正在退出的过程。 (0xc000010a)
[0627/075709.573:ERROR:process_reader_win.cc(151)] SuspendThread: 拒绝访问。 (0x5)
[0627/075702.399:ERROR:scoped_process_suspend.cc(31)] NtSuspendProcess: 已尝试访问正在退出的过程。 (0xc000010a)
[0627/075710.208:ERROR:exception_snapshot_win.cc(98)] thread ID 87844 not found in process
[0627/075702.399:ERROR:scoped_process_suspend.cc(31)] NtSuspendProcess: 已尝试访问正在退出的过程。 (0xc000010a)
[0627/075702.021:ERROR:process_reader_win.cc(151)] SuspendThread: 拒绝访问。 (0x5)
[0627/075710.269:ERROR:exception_snapshot_win.cc(98)] thread ID 108884 not found in process
[0627/075707.648:ERROR:scoped_process_suspend.cc(40)] NtResumeProcess: 已尝试访问正在退出的过程。 (0xc000010a)
[0627/075710.206:ERROR:scoped_process_suspend.cc(40)] NtResumeProcess: 已尝试访问正在退出的过程。 (0xc000010a)
[0627/075710.269:ERROR:scoped_process_suspend.cc(40)] NtResumeProcess: 已尝试访问正在退出的过程。 (0xc000010a)
[0627/075709.985:ERROR:scoped_process_suspend.cc(40)] NtResumeProcess: 已尝试访问正在退出的过程。 (0xc000010a)
[0627/075711.250:ERROR:process_reader_win.cc(151)] SuspendThread: 拒绝访问。 (0x5)
[0627/075711.250:ERROR:exception_snapshot_win.cc(98)] thread ID 94848 not found in process
[0627/075711.250:ERROR:scoped_process_suspend.cc(40)] NtResumeProcess: 已尝试访问正在退出的过程。 (0xc000010a)
[0627/075714.003:ERROR:process_reader_win.cc(151)] SuspendThread: 拒绝访问。 (0x5)
[0627/075714.124:ERROR:exception_snapshot_win.cc(98)] thread ID 73544 not found in process
[0627/075714.124:ERROR:scoped_process_suspend.cc(40)] NtResumeProcess: 已尝试访问正在退出的过程。 (0xc000010a)
[0627/075714.464:ERROR:process_reader_win.cc(151)] SuspendThread: 拒绝访问。 (0x5)
[0627/075714.464:ERROR:exception_snapshot_win.cc(98)] thread ID 177956 not found in process
[0627/075711.804:ERROR:scoped_process_suspend.cc(31)] NtSuspendProcess: 已尝试访问正在退出的过程。 (0xc000010a)
[0627/075719.212:ERROR:process_reader_win.cc(151)] SuspendThread: 拒绝访问。 (0x5)
[0627/075717.019:ERROR:scoped_process_suspend.cc(31)] NtSuspendProcess: 已尝试访问正在退出的过程。 (0xc000010a)
[0627/075719.632:ERROR:exception_snapshot_win.cc(98)] thread ID 158320 not found in process
[0627/075719.804:ERROR:scoped_process_suspend.cc(40)] NtResumeProcess: 已尝试访问正在退出的过程。 (0xc000010a)
[0627/075720.251:ERROR:scoped_process_suspend.cc(31)] NtSuspendProcess: 已尝试访问正在退出的过程。 (0xc000010a)
[0627/075720.251:ERROR:scoped_process_suspend.cc(31)] NtSuspendProcess: 已尝试访问正在退出的过程。 (0xc000010a)
[0627/075726.153:ERROR:process_reader_win.cc(151)] SuspendThread: 拒绝访问。 (0x5)
[0627/075727.684:ERROR:exception_snapshot_win.cc(98)] thread ID 105300 not found in process
[0627/075722.328:ERROR:scoped_process_suspend.cc(31)] NtSuspendProcess: 已尝试访问正在退出的过程。 (0xc000010a)
[0627/075722.328:ERROR:scoped_process_suspend.cc(31)] NtSuspendProcess: 已尝试访问正在退出的过程。 (0xc000010a)
[0627/075723.318:ERROR:scoped_process_suspend.cc(31)] NtSuspendProcess: 已尝试访问正在退出的过程。 (0xc000010a)
[0627/075726.567:ERROR:scoped_process_suspend.cc(31)] NtSuspendProcess: 已尝试访问正在退出的过程。 (0xc000010a)
[0627/075723.210:ERROR:scoped_process_suspend.cc(31)] NtSuspendProcess: 已尝试访问正在退出的过程。 (0xc000010a)
[0627/075731.410:ERROR:scoped_process_suspend.cc(31)] NtSuspendProcess: 已尝试访问正在退出的过程。 (0xc000010a)
[0627/075730.827:ERROR:scoped_process_suspend.cc(31)] NtSuspendProcess: 已尝试访问正在退出的过程。 (0xc000010a)
[0627/075730.827:ERROR:scoped_process_suspend.cc(31)] NtSuspendProcess: 已尝试访问正在退出的过程。 (0xc000010a)
[0627/075733.261:ERROR:scoped_process_suspend.cc(31)] NtSuspendProcess: 已尝试访问正在退出的过程。 (0xc000010a)
[0627/075739.223:ERROR:process_reader_win.cc(151)] SuspendThread: 拒绝访问。 (0x5)
[0627/075739.223:ERROR:exception_snapshot_win.cc(98)] thread ID 142800 not found in process
[0627/075739.223:ERROR:scoped_process_suspend.cc(40)] NtResumeProcess: 已尝试访问正在退出的过程。 (0xc000010a)
[0627/075739.087:ERROR:process_reader_win.cc(151)] SuspendThread: 拒绝访问。 (0x5)
[0627/075742.948:ERROR:exception_snapshot_win.cc(98)] thread ID 111276 not found in process
[0627/075738.749:ERROR:scoped_process_suspend.cc(31)] NtSuspendProcess: 已尝试访问正在退出的过程。 (0xc000010a)
[0627/075742.949:ERROR:scoped_process_suspend.cc(40)] NtResumeProcess: 已尝试访问正在退出的过程。 (0xc000010a)
[0627/075746.539:ERROR:scoped_process_suspend.cc(31)] NtSuspendProcess: 已尝试访问正在退出的过程。 (0xc000010a)
[0627/075748.850:ERROR:process_reader_win.cc(151)] SuspendThread: 拒绝访问。 (0x5)
[0627/075748.887:ERROR:exception_snapshot_win.cc(98)] thread ID 88212 not found in process
[0627/075747.611:ERROR:scoped_process_suspend.cc(31)] NtSuspendProcess: 已尝试访问正在退出的过程。 (0xc000010a)
[0627/075747.611:ERROR:scoped_process_suspend.cc(31)] NtSuspendProcess: 已尝试访问正在退出的过程。 (0xc000010a)
[0627/075747.671:ERROR:scoped_process_suspend.cc(31)] NtSuspendProcess: 已尝试访问正在退出的过程。 (0xc000010a)
[0627/075746.525:ERROR:scoped_process_suspend.cc(31)] NtSuspendProcess: 已尝试访问正在退出的过程。 (0xc000010a)
[0627/075747.960:ERROR:scoped_process_suspend.cc(31)] NtSuspendProcess: 已尝试访问正在退出的过程。 (0xc000010a)
[0627/075748.120:ERROR:scoped_process_suspend.cc(31)] NtSuspendProcess: 已尝试访问正在退出的过程。 (0xc000010a)
[0627/075748.082:ERROR:scoped_process_suspend.cc(31)] NtSuspendProcess: 已尝试访问正在退出的过程。 (0xc000010a)
[0627/075750.145:ERROR:process_reader_win.cc(151)] SuspendThread: 拒绝访问。 (0x5)
[0627/075750.145:ERROR:exception_snapshot_win.cc(98)] thread ID 100584 not found in process
[0627/075748.548:ERROR:scoped_process_suspend.cc(31)] NtSuspendProcess: 已尝试访问正在退出的过程。 (0xc000010a)
[0627/075748.548:ERROR:scoped_process_suspend.cc(31)] NtSuspendProcess: 已尝试访问正在退出的过程。 (0xc000010a)
[0627/075748.232:ERROR:scoped_process_suspend.cc(31)] NtSuspendProcess: 已尝试访问正在退出的过程。 (0xc000010a)
[0627/075749.135:ERROR:scoped_process_suspend.cc(31)] NtSuspendProcess: 已尝试访问正在退出的过程。 (0xc000010a)
[0627/075749.135:ERROR:scoped_process_suspend.cc(31)] NtSuspendProcess: 已尝试访问正在退出的过程。 (0xc000010a)
[0627/075748.366:ERROR:scoped_process_suspend.cc(31)] NtSuspendProcess: 已尝试访问正在退出的过程。 (0xc000010a)
[0627/075749.364:ERROR:scoped_process_suspend.cc(31)] NtSuspendProcess: 已尝试访问正在退出的过程。 (0xc000010a)
[0627/075749.821:ERROR:scoped_process_suspend.cc(31)] NtSuspendProcess: 已尝试访问正在退出的过程。 (0xc000010a)
[0627/075748.594:ERROR:scoped_process_suspend.cc(31)] NtSuspendProcess: 已尝试访问正在退出的过程。 (0xc000010a)
[0627/075749.364:ERROR:scoped_process_suspend.cc(31)] NtSuspendProcess: 已尝试访问正在退出的过程。 (0xc000010a)
[0627/075749.821:ERROR:scoped_process_suspend.cc(31)] NtSuspendProcess: 已尝试访问正在退出的过程。 (0xc000010a)
[0627/075750.305:ERROR:scoped_process_suspend.cc(31)] NtSuspendProcess: 已尝试访问正在退出的过程。 (0xc000010a)
[0627/075750.305:ERROR:scoped_process_suspend.cc(31)] NtSuspendProcess: 已尝试访问正在退出的过程。 (0xc000010a)
[0627/075750.649:ERROR:scoped_process_suspend.cc(31)] NtSuspendProcess: 已尝试访问正在退出的过程。 (0xc000010a)
[0627/075750.649:ERROR:scoped_process_suspend.cc(31)] NtSuspendProcess: 已尝试访问正在退出的过程。 (0xc000010a)
[0627/075751.804:ERROR:process_reader_win.cc(151)] SuspendThread: 拒绝访问。 (0x5)
[0627/075752.477:ERROR:exception_snapshot_win.cc(98)] thread ID 92136 not found in process
[0627/075751.660:ERROR:scoped_process_suspend.cc(31)] NtSuspendProcess: 已尝试访问正在退出的过程。 (0xc000010a)
[0627/075751.660:ERROR:scoped_process_suspend.cc(31)] NtSuspendProcess: 已尝试访问正在退出的过程。 (0xc000010a)
[0627/075751.818:ERROR:scoped_process_suspend.cc(31)] NtSuspendProcess: 已尝试访问正在退出的过程。 (0xc000010a)
[0627/075751.818:ERROR:scoped_process_suspend.cc(31)] NtSuspendProcess: 已尝试访问正在退出的过程。 (0xc000010a)
[0627/075752.477:ERROR:scoped_process_suspend.cc(40)] NtResumeProcess: 已尝试访问正在退出的过程。 (0xc000010a)
[0627/075753.750:ERROR:scoped_process_suspend.cc(31)] NtSuspendProcess: 已尝试访问正在退出的过程。 (0xc000010a)
[0627/075751.681:ERROR:scoped_process_suspend.cc(31)] NtSuspendProcess: 已尝试访问正在退出的过程。 (0xc000010a)
[0627/075752.944:ERROR:scoped_process_suspend.cc(31)] NtSuspendProcess: 已尝试访问正在退出的过程。 (0xc000010a)
[0627/075754.713:ERROR:scoped_process_suspend.cc(31)] NtSuspendProcess: 已尝试访问正在退出的过程。 (0xc000010a)
[0627/075754.713:ERROR:scoped_process_suspend.cc(31)] NtSuspendProcess: 已尝试访问正在退出的过程。 (0xc000010a)
[0627/075754.937:ERROR:scoped_process_suspend.cc(31)] NtSuspendProcess: 已尝试访问正在退出的过程。 (0xc000010a)
[0627/075754.980:ERROR:scoped_process_suspend.cc(31)] NtSuspendProcess: 已尝试访问正在退出的过程。 (0xc000010a)
[0627/075754.980:ERROR:scoped_process_suspend.cc(31)] NtSuspendProcess: 已尝试访问正在退出的过程。 (0xc000010a)
[0627/075756.030:ERROR:scoped_process_suspend.cc(31)] NtSuspendProcess: 已尝试访问正在退出的过程。 (0xc000010a)
[0627/075756.030:ERROR:scoped_process_suspend.cc(31)] NtSuspendProcess: 已尝试访问正在退出的过程。 (0xc000010a)
[0627/075755.183:ERROR:scoped_process_suspend.cc(31)] NtSuspendProcess: 已尝试访问正在退出的过程。 (0xc000010a)
[0627/075756.647:ERROR:scoped_process_suspend.cc(31)] NtSuspendProcess: 已尝试访问正在退出的过程。 (0xc000010a)
[0627/075756.492:ERROR:scoped_process_suspend.cc(31)] NtSuspendProcess: 已尝试访问正在退出的过程。 (0xc000010a)
[0627/075756.492:ERROR:scoped_process_suspend.cc(31)] NtSuspendProcess: 已尝试访问正在退出的过程。 (0xc000010a)
[0627/075757.580:ERROR:scoped_process_suspend.cc(31)] NtSuspendProcess: 已尝试访问正在退出的过程。 (0xc000010a)
[0627/075807.664:ERROR:scoped_process_suspend.cc(31)] NtSuspendProcess: 已尝试访问正在退出的过程。 (0xc000010a)
[0627/075808.102:ERROR:scoped_process_suspend.cc(31)] NtSuspendProcess: 已尝试访问正在退出的过程。 (0xc000010a)
[0627/075810.243:ERROR:process_reader_win.cc(151)] SuspendThread: 拒绝访问。 (0x5)
[0627/075810.243:ERROR:exception_snapshot_win.cc(98)] thread ID 139084 not found in process
[0627/075811.921:ERROR:process_reader_win.cc(151)] SuspendThread: 拒绝访问。 (0x5)
[0627/075811.971:ERROR:exception_snapshot_win.cc(98)] thread ID 109292 not found in process
[0627/075811.971:ERROR:scoped_process_suspend.cc(40)] NtResumeProcess: 已尝试访问正在退出的过程。 (0xc000010a)
[0627/075812.084:ERROR:scoped_process_suspend.cc(31)] NtSuspendProcess: 已尝试访问正在退出的过程。 (0xc000010a)
[0627/075812.531:ERROR:process_reader_win.cc(151)] SuspendThread: 拒绝访问。 (0x5)
[0627/075812.533:ERROR:exception_snapshot_win.cc(98)] thread ID 140916 not found in process
[0627/075816.441:ERROR:process_reader_win.cc(151)] SuspendThread: 拒绝访问。 (0x5)
[0627/075816.575:ERROR:exception_snapshot_win.cc(98)] thread ID 137468 not found in process
[0627/075816.575:ERROR:scoped_process_suspend.cc(40)] NtResumeProcess: 已尝试访问正在退出的过程。 (0xc000010a)
[0627/075817.222:ERROR:scoped_process_suspend.cc(31)] NtSuspendProcess: 已尝试访问正在退出的过程。 (0xc000010a)
[0627/075818.203:ERROR:process_reader_win.cc(151)] SuspendThread: 拒绝访问。 (0x5)
[0627/075818.204:ERROR:exception_snapshot_win.cc(98)] thread ID 75688 not found in process
[0627/075818.204:ERROR:scoped_process_suspend.cc(40)] NtResumeProcess: 已尝试访问正在退出的过程。 (0xc000010a)
[0627/075817.222:ERROR:scoped_process_suspend.cc(31)] NtSuspendProcess: 已尝试访问正在退出的过程。 (0xc000010a)
[0627/075819.093:ERROR:process_reader_win.cc(151)] SuspendThread: 拒绝访问。 (0x5)
[0627/075819.094:ERROR:exception_snapshot_win.cc(98)] thread ID 126700 not found in process
[0627/075819.094:ERROR:scoped_process_suspend.cc(40)] NtResumeProcess: 已尝试访问正在退出的过程。 (0xc000010a)
[0627/075820.446:ERROR:process_reader_win.cc(151)] SuspendThread: 拒绝访问。 (0x5)
[0627/075820.446:ERROR:exception_snapshot_win.cc(98)] thread ID 128404 not found in process
[0627/075820.446:ERROR:scoped_process_suspend.cc(40)] NtResumeProcess: 已尝试访问正在退出的过程。 (0xc000010a)
[0627/075825.795:ERROR:process_reader_win.cc(151)] SuspendThread: 拒绝访问。 (0x5)
[0627/075825.796:ERROR:exception_snapshot_win.cc(98)] thread ID 82340 not found in process
[0627/075825.467:ERROR:scoped_process_suspend.cc(31)] NtSuspendProcess: 已尝试访问正在退出的过程。 (0xc000010a)
[0627/075825.467:ERROR:scoped_process_suspend.cc(31)] NtSuspendProcess: 已尝试访问正在退出的过程。 (0xc000010a)
[0627/075826.230:ERROR:process_reader_win.cc(151)] SuspendThread: 拒绝访问。 (0x5)
[0627/075826.312:ERROR:exception_snapshot_win.cc(98)] thread ID 118912 not found in process
[0627/075826.313:ERROR:scoped_process_suspend.cc(40)] NtResumeProcess: 已尝试访问正在退出的过程。 (0xc000010a)
[0627/075826.409:ERROR:scoped_process_suspend.cc(31)] NtSuspendProcess: 已尝试访问正在退出的过程。 (0xc000010a)
[0627/075827.428:ERROR:process_reader_win.cc(151)] SuspendThread: 拒绝访问。 (0x5)
[0627/075827.428:ERROR:exception_snapshot_win.cc(98)] thread ID 112776 not found in process
[0627/075829.533:ERROR:process_reader_win.cc(151)] SuspendThread: 拒绝访问。 (0x5)
[0627/075829.533:ERROR:exception_snapshot_win.cc(98)] thread ID 75288 not found in process
[0627/075829.564:ERROR:process_reader_win.cc(151)] SuspendThread: 拒绝访问。 (0x5)
[0627/075829.564:ERROR:exception_snapshot_win.cc(98)] thread ID 159192 not found in process
[0627/075831.916:ERROR:process_reader_win.cc(151)] SuspendThread: 拒绝访问。 (0x5)
[0627/075831.918:ERROR:exception_snapshot_win.cc(98)] thread ID 112284 not found in process
[0627/075831.283:ERROR:scoped_process_suspend.cc(31)] NtSuspendProcess: 已尝试访问正在退出的过程。 (0xc000010a)
[0627/075831.283:ERROR:scoped_process_suspend.cc(31)] NtSuspendProcess: 已尝试访问正在退出的过程。 (0xc000010a)
[0627/075832.898:ERROR:scoped_process_suspend.cc(31)] NtSuspendProcess: 已尝试访问正在退出的过程。 (0xc000010a)
[0627/075834.052:ERROR:scoped_process_suspend.cc(31)] NtSuspendProcess: 已尝试访问正在退出的过程。 (0xc000010a)
[0627/075834.052:ERROR:scoped_process_suspend.cc(31)] NtSuspendProcess: 已尝试访问正在退出的过程。 (0xc000010a)
[0627/075835.107:ERROR:process_reader_win.cc(151)] SuspendThread: 拒绝访问。 (0x5)
[0627/075835.231:ERROR:exception_snapshot_win.cc(98)] thread ID 101600 not found in process
[0627/075834.989:ERROR:scoped_process_suspend.cc(31)] NtSuspendProcess: 已尝试访问正在退出的过程。 (0xc000010a)
[0627/075835.325:ERROR:scoped_process_suspend.cc(31)] NtSuspendProcess: 已尝试访问正在退出的过程。 (0xc000010a)
[0627/075836.098:ERROR:scoped_process_suspend.cc(31)] NtSuspendProcess: 已尝试访问正在退出的过程。 (0xc000010a)
[0627/075837.623:ERROR:process_reader_win.cc(151)] SuspendThread: 拒绝访问。 (0x5)
[0627/075837.625:ERROR:exception_snapshot_win.cc(98)] thread ID 88408 not found in process
[0627/075837.743:ERROR:process_reader_win.cc(151)] SuspendThread: 拒绝访问。 (0x5)
[0627/075837.744:ERROR:exception_snapshot_win.cc(98)] thread ID 175896 not found in process
[0627/075838.023:ERROR:scoped_process_suspend.cc(31)] NtSuspendProcess: 已尝试访问正在退出的过程。 (0xc000010a)
[0627/075838.023:ERROR:scoped_process_suspend.cc(31)] NtSuspendProcess: 已尝试访问正在退出的过程。 (0xc000010a)
[0627/075838.799:ERROR:process_reader_win.cc(151)] SuspendThread: 拒绝访问。 (0x5)
[0627/075838.799:ERROR:exception_snapshot_win.cc(98)] thread ID 109108 not found in process
[0627/075838.799:ERROR:scoped_process_suspend.cc(40)] NtResumeProcess: 已尝试访问正在退出的过程。 (0xc000010a)
[0627/075839.961:ERROR:process_reader_win.cc(151)] SuspendThread: 拒绝访问。 (0x5)
[0627/075840.070:ERROR:exception_snapshot_win.cc(98)] thread ID 125440 not found in process
[0627/075840.070:ERROR:scoped_process_suspend.cc(40)] NtResumeProcess: 已尝试访问正在退出的过程。 (0xc000010a)
[0627/075840.030:ERROR:process_reader_win.cc(151)] SuspendThread: 拒绝访问。 (0x5)
[0627/075840.070:ERROR:exception_snapshot_win.cc(98)] thread ID 149836 not found in process
[0627/075840.199:ERROR:process_reader_win.cc(151)] SuspendThread: 拒绝访问。 (0x5)
[0627/075840.199:ERROR:exception_snapshot_win.cc(98)] thread ID 71464 not found in process
[0627/075840.426:ERROR:process_reader_win.cc(151)] SuspendThread: 拒绝访问。 (0x5)
[0627/075840.517:ERROR:exception_snapshot_win.cc(98)] thread ID 152976 not found in process
[0627/075840.154:ERROR:scoped_process_suspend.cc(31)] NtSuspendProcess: 已尝试访问正在退出的过程。 (0xc000010a)
[0627/075841.900:ERROR:process_reader_win.cc(151)] SuspendThread: 拒绝访问。 (0x5)
[0627/075841.901:ERROR:exception_snapshot_win.cc(98)] thread ID 85328 not found in process
[0627/075842.847:ERROR:process_reader_win.cc(151)] SuspendThread: 拒绝访问。 (0x5)
[0627/075842.847:ERROR:exception_snapshot_win.cc(98)] thread ID 128940 not found in process
[0627/075842.884:ERROR:process_reader_win.cc(151)] SuspendThread: 拒绝访问。 (0x5)
[0627/075842.884:ERROR:exception_snapshot_win.cc(98)] thread ID 104784 not found in process
[0627/075843.080:ERROR:process_reader_win.cc(151)] SuspendThread: 拒绝访问。 (0x5)
[0627/075843.081:ERROR:exception_snapshot_win.cc(98)] thread ID 83076 not found in process
[0627/075843.081:ERROR:scoped_process_suspend.cc(40)] NtResumeProcess: 已尝试访问正在退出的过程。 (0xc000010a)
[0627/075842.891:ERROR:scoped_process_suspend.cc(31)] NtSuspendProcess: 已尝试访问正在退出的过程。 (0xc000010a)
[0627/075843.859:ERROR:process_reader_win.cc(151)] SuspendThread: 拒绝访问。 (0x5)
[0627/075844.267:ERROR:exception_snapshot_win.cc(98)] thread ID 68900 not found in process
[0627/075844.267:ERROR:scoped_process_suspend.cc(40)] NtResumeProcess: 已尝试访问正在退出的过程。 (0xc000010a)
[0627/075844.700:ERROR:scoped_process_suspend.cc(31)] NtSuspendProcess: 已尝试访问正在退出的过程。 (0xc000010a)
[0627/075845.110:ERROR:process_reader_win.cc(151)] SuspendThread: 拒绝访问。 (0x5)
[0627/075845.517:ERROR:exception_snapshot_win.cc(98)] thread ID 81028 not found in process
[0627/075845.528:ERROR:process_reader_win.cc(151)] SuspendThread: 拒绝访问。 (0x5)
[0627/075845.528:ERROR:exception_snapshot_win.cc(98)] thread ID 148168 not found in process
[0627/075845.529:ERROR:scoped_process_suspend.cc(40)] NtResumeProcess: 已尝试访问正在退出的过程。 (0xc000010a)
[0627/075845.517:ERROR:scoped_process_suspend.cc(40)] NtResumeProcess: 已尝试访问正在退出的过程。 (0xc000010a)
[0627/075845.746:ERROR:process_reader_win.cc(151)] SuspendThread: 拒绝访问。 (0x5)
[0627/075845.747:ERROR:exception_snapshot_win.cc(98)] thread ID 139732 not found in process
[0627/075846.446:ERROR:process_reader_win.cc(151)] SuspendThread: 拒绝访问。 (0x5)
[0627/075846.447:ERROR:exception_snapshot_win.cc(98)] thread ID 99820 not found in process
[0627/075847.177:ERROR:scoped_process_suspend.cc(31)] NtSuspendProcess: 已尝试访问正在退出的过程。 (0xc000010a)
[0627/075847.177:ERROR:scoped_process_suspend.cc(31)] NtSuspendProcess: 已尝试访问正在退出的过程。 (0xc000010a)
[0627/075847.521:ERROR:process_reader_win.cc(151)] SuspendThread: 拒绝访问。 (0x5)
[0627/075847.522:ERROR:exception_snapshot_win.cc(98)] thread ID 147480 not found in process
[0627/075848.200:ERROR:scoped_process_suspend.cc(31)] NtSuspendProcess: 已尝试访问正在退出的过程。 (0xc000010a)
[0627/075848.964:ERROR:scoped_process_suspend.cc(31)] NtSuspendProcess: 已尝试访问正在退出的过程。 (0xc000010a)
[0627/075848.964:ERROR:scoped_process_suspend.cc(31)] NtSuspendProcess: 已尝试访问正在退出的过程。 (0xc000010a)
[0627/075849.441:ERROR:process_reader_win.cc(151)] SuspendThread: 拒绝访问。 (0x5)
[0627/075849.441:ERROR:exception_snapshot_win.cc(98)] thread ID 133780 not found in process
[0627/075850.170:ERROR:process_reader_win.cc(151)] SuspendThread: 拒绝访问。 (0x5)
[0627/075850.171:ERROR:exception_snapshot_win.cc(98)] thread ID 126336 not found in process
[0627/075850.171:ERROR:scoped_process_suspend.cc(40)] NtResumeProcess: 已尝试访问正在退出的过程。 (0xc000010a)
[0627/075850.192:ERROR:process_reader_win.cc(151)] SuspendThread: 拒绝访问。 (0x5)
[0627/075850.192:ERROR:exception_snapshot_win.cc(98)] thread ID 95476 not found in process
[0627/075850.930:ERROR:process_reader_win.cc(151)] SuspendThread: 拒绝访问。 (0x5)
[0627/075850.930:ERROR:exception_snapshot_win.cc(98)] thread ID 124644 not found in process
[0627/075850.950:ERROR:process_reader_win.cc(151)] SuspendThread: 拒绝访问。 (0x5)
[0627/075850.950:ERROR:exception_snapshot_win.cc(98)] thread ID 126808 not found in process
[0627/075850.950:ERROR:scoped_process_suspend.cc(40)] NtResumeProcess: 已尝试访问正在退出的过程。 (0xc000010a)
[0627/075850.965:ERROR:process_reader_win.cc(151)] SuspendThread: 拒绝访问。 (0x5)
[0627/075850.966:ERROR:exception_snapshot_win.cc(98)] thread ID 95544 not found in process
[0627/075850.581:ERROR:scoped_process_suspend.cc(31)] NtSuspendProcess: 已尝试访问正在退出的过程。 (0xc000010a)
[0627/075851.488:ERROR:process_reader_win.cc(151)] SuspendThread: 拒绝访问。 (0x5)
[0627/075851.489:ERROR:exception_snapshot_win.cc(98)] thread ID 143556 not found in process
[0627/075851.384:ERROR:scoped_process_suspend.cc(31)] NtSuspendProcess: 已尝试访问正在退出的过程。 (0xc000010a)
[0627/075853.428:ERROR:process_reader_win.cc(151)] SuspendThread: 拒绝访问。 (0x5)
[0627/075853.430:ERROR:exception_snapshot_win.cc(98)] thread ID 173972 not found in process
[0627/075854.458:ERROR:process_reader_win.cc(151)] SuspendThread: 拒绝访问。 (0x5)
[0627/075854.460:ERROR:exception_snapshot_win.cc(98)] thread ID 92556 not found in process
[0627/075854.460:ERROR:scoped_process_suspend.cc(40)] NtResumeProcess: 已尝试访问正在退出的过程。 (0xc000010a)
[0627/075854.798:ERROR:scoped_process_suspend.cc(31)] NtSuspendProcess: 已尝试访问正在退出的过程。 (0xc000010a)
[0627/075856.681:ERROR:process_reader_win.cc(151)] SuspendThread: 拒绝访问。 (0x5)
[0627/075856.682:ERROR:exception_snapshot_win.cc(98)] thread ID 70224 not found in process
[0627/075857.352:ERROR:process_reader_win.cc(151)] SuspendThread: 拒绝访问。 (0x5)
[0627/075857.352:ERROR:exception_snapshot_win.cc(98)] thread ID 71100 not found in process
[0627/075857.589:ERROR:process_reader_win.cc(151)] SuspendThread: 拒绝访问。 (0x5)
[0627/075857.627:ERROR:exception_snapshot_win.cc(98)] thread ID 83548 not found in process
[0627/075857.905:ERROR:process_reader_win.cc(151)] SuspendThread: 拒绝访问。 (0x5)
[0627/075857.914:ERROR:exception_snapshot_win.cc(98)] thread ID 184908 not found in process
[0627/075858.220:ERROR:process_reader_win.cc(151)] SuspendThread: 拒绝访问。 (0x5)
[0627/075858.220:ERROR:exception_snapshot_win.cc(98)] thread ID 69880 not found in process
[0627/075858.639:ERROR:process_reader_win.cc(151)] SuspendThread: 拒绝访问。 (0x5)
[0627/075858.639:ERROR:exception_snapshot_win.cc(98)] thread ID 178368 not found in process
[0627/075858.640:ERROR:process_reader_win.cc(151)] SuspendThread: 拒绝访问。 (0x5)
[0627/075858.640:ERROR:exception_snapshot_win.cc(98)] thread ID 90140 not found in process
[0627/075858.828:ERROR:process_reader_win.cc(151)] SuspendThread: 拒绝访问。 (0x5)
[0627/075858.829:ERROR:exception_snapshot_win.cc(98)] thread ID 90984 not found in process
[0627/075858.840:ERROR:process_reader_win.cc(151)] SuspendThread: 拒绝访问。 (0x5)
[0627/075858.840:ERROR:exception_snapshot_win.cc(98)] thread ID 185416 not found in process
[0627/075858.880:ERROR:process_reader_win.cc(151)] SuspendThread: 拒绝访问。 (0x5)
[0627/075858.880:ERROR:process_reader_win.cc(151)] SuspendThread: 拒绝访问。 (0x5)
[0627/075858.880:ERROR:exception_snapshot_win.cc(98)] thread ID 91440 not found in process
[0627/075858.880:ERROR:exception_snapshot_win.cc(98)] thread ID 100104 not found in process
[0627/075858.989:ERROR:process_reader_win.cc(151)] SuspendThread: 拒绝访问。 (0x5)
[0627/075858.990:ERROR:exception_snapshot_win.cc(98)] thread ID 110868 not found in process
[0627/075859.127:ERROR:process_reader_win.cc(151)] SuspendThread: 拒绝访问。 (0x5)
[0627/075859.128:ERROR:exception_snapshot_win.cc(98)] thread ID 128388 not found in process
[0627/075859.165:ERROR:process_reader_win.cc(151)] SuspendThread: 拒绝访问。 (0x5)
[0627/075859.165:ERROR:exception_snapshot_win.cc(98)] thread ID 143388 not found in process
[0627/075859.201:ERROR:process_reader_win.cc(151)] SuspendThread: 拒绝访问。 (0x5)
[0627/075859.202:ERROR:exception_snapshot_win.cc(98)] thread ID 87540 not found in process
[0627/075859.346:ERROR:process_reader_win.cc(151)] SuspendThread: 拒绝访问。 (0x5)
[0627/075859.346:ERROR:exception_snapshot_win.cc(98)] thread ID 99788 not found in process
[0627/075859.464:ERROR:process_reader_win.cc(151)] SuspendThread: 拒绝访问。 (0x5)
[0627/075859.465:ERROR:exception_snapshot_win.cc(98)] thread ID 147548 not found in process
[0627/075859.659:ERROR:process_reader_win.cc(151)] SuspendThread: 拒绝访问。 (0x5)
[0627/075859.659:ERROR:exception_snapshot_win.cc(98)] thread ID 124920 not found in process
[0627/075900.012:ERROR:process_reader_win.cc(151)] SuspendThread: 拒绝访问。 (0x5)
[0627/075900.012:ERROR:exception_snapshot_win.cc(98)] thread ID 125016 not found in process
[0627/075900.404:ERROR:process_reader_win.cc(151)] SuspendThread: 拒绝访问。 (0x5)
[0627/075900.422:ERROR:exception_snapshot_win.cc(98)] thread ID 151292 not found in process
[0627/075900.566:ERROR:process_reader_win.cc(151)] SuspendThread: 拒绝访问。 (0x5)
[0627/075900.566:ERROR:exception_snapshot_win.cc(98)] thread ID 90960 not found in process
[0627/075900.571:ERROR:process_reader_win.cc(151)] SuspendThread: 拒绝访问。 (0x5)
[0627/075900.572:ERROR:exception_snapshot_win.cc(98)] thread ID 119024 not found in process
[0627/075900.573:ERROR:process_reader_win.cc(151)] SuspendThread: 拒绝访问。 (0x5)
[0627/075900.573:ERROR:exception_snapshot_win.cc(98)] thread ID 82656 not found in process
[0627/075900.885:ERROR:process_reader_win.cc(151)] SuspendThread: 拒绝访问。 (0x5)
[0627/075900.886:ERROR:exception_snapshot_win.cc(98)] thread ID 128012 not found in process
[0627/075900.917:ERROR:process_reader_win.cc(151)] SuspendThread: 拒绝访问。 (0x5)
[0627/075900.918:ERROR:exception_snapshot_win.cc(98)] thread ID 82180 not found in process
[0627/075900.923:ERROR:process_reader_win.cc(151)] SuspendThread: 拒绝访问。 (0x5)
[0627/075900.923:ERROR:exception_snapshot_win.cc(98)] thread ID 133516 not found in process
[0627/075901.203:ERROR:process_reader_win.cc(151)] SuspendThread: 拒绝访问。 (0x5)
[0627/075901.203:ERROR:exception_snapshot_win.cc(98)] thread ID 55904 not found in process
[0627/075901.380:ERROR:process_reader_win.cc(151)] SuspendThread: 拒绝访问。 (0x5)
[0627/075901.381:ERROR:exception_snapshot_win.cc(98)] thread ID 79768 not found in process
[0627/075901.382:ERROR:process_reader_win.cc(151)] SuspendThread: 拒绝访问。 (0x5)
[0627/075901.382:ERROR:exception_snapshot_win.cc(98)] thread ID 89152 not found in process
[0627/075901.389:ERROR:process_reader_win.cc(151)] SuspendThread: 拒绝访问。 (0x5)
[0627/075901.389:ERROR:exception_snapshot_win.cc(98)] thread ID 104336 not found in process
[0627/075901.394:ERROR:process_reader_win.cc(151)] SuspendThread: 拒绝访问。 (0x5)
[0627/075901.394:ERROR:exception_snapshot_win.cc(98)] thread ID 95852 not found in process
[0627/075901.423:ERROR:process_reader_win.cc(151)] SuspendThread: 拒绝访问。 (0x5)
[0627/075901.423:ERROR:exception_snapshot_win.cc(98)] thread ID 107848 not found in process
[0627/075901.594:ERROR:process_reader_win.cc(151)] SuspendThread: 拒绝访问。 (0x5)
[0627/075901.594:ERROR:exception_snapshot_win.cc(98)] thread ID 141628 not found in process
[0627/075901.649:ERROR:process_reader_win.cc(151)] SuspendThread: 拒绝访问。 (0x5)
[0627/075901.651:ERROR:exception_snapshot_win.cc(98)] thread ID 139648 not found in process
[0627/075901.668:ERROR:process_reader_win.cc(151)] SuspendThread: 拒绝访问。 (0x5)
[0627/075901.668:ERROR:exception_snapshot_win.cc(98)] thread ID 142604 not found in process
[0627/075901.671:ERROR:process_reader_win.cc(151)] SuspendThread: 拒绝访问。 (0x5)
[0627/075901.671:ERROR:exception_snapshot_win.cc(98)] thread ID 116440 not found in process
[0627/075901.814:ERROR:process_reader_win.cc(151)] SuspendThread: 拒绝访问。 (0x5)
[0627/075901.814:ERROR:exception_snapshot_win.cc(98)] thread ID 109796 not found in process
[0627/075901.893:ERROR:process_reader_win.cc(151)] SuspendThread: 拒绝访问。 (0x5)
[0627/075901.893:ERROR:exception_snapshot_win.cc(98)] thread ID 144812 not found in process
[0627/075901.918:ERROR:process_reader_win.cc(151)] SuspendThread: 拒绝访问。 (0x5)
[0627/075901.918:ERROR:exception_snapshot_win.cc(98)] thread ID 134780 not found in process
[0627/075902.425:ERROR:process_reader_win.cc(151)] SuspendThread: 拒绝访问。 (0x5)
[0627/075902.425:ERROR:exception_snapshot_win.cc(98)] thread ID 89540 not found in process
[0627/075902.440:ERROR:process_reader_win.cc(151)] SuspendThread: 拒绝访问。 (0x5)
[0627/075902.440:ERROR:exception_snapshot_win.cc(98)] thread ID 114512 not found in process
[0627/075902.445:ERROR:process_reader_win.cc(151)] SuspendThread: 拒绝访问。 (0x5)
[0627/075902.446:ERROR:exception_snapshot_win.cc(98)] thread ID 157272 not found in process
[0627/075902.451:ERROR:process_reader_win.cc(151)] SuspendThread: 拒绝访问。 (0x5)
[0627/075902.451:ERROR:exception_snapshot_win.cc(98)] thread ID 71384 not found in process
[0627/075902.461:ERROR:process_reader_win.cc(151)] SuspendThread: 拒绝访问。 (0x5)
[0627/075902.461:ERROR:exception_snapshot_win.cc(98)] thread ID 136120 not found in process
[0627/075902.649:ERROR:process_reader_win.cc(151)] SuspendThread: 拒绝访问。 (0x5)
[0627/075902.649:ERROR:exception_snapshot_win.cc(98)] thread ID 122640 not found in process
[0627/075902.723:ERROR:process_reader_win.cc(151)] SuspendThread: 拒绝访问。 (0x5)
[0627/075902.723:ERROR:exception_snapshot_win.cc(98)] thread ID 73496 not found in process
[0627/075903.025:ERROR:process_reader_win.cc(151)] SuspendThread: 拒绝访问。 (0x5)
[0627/075903.027:ERROR:exception_snapshot_win.cc(98)] thread ID 124864 not found in process
[0627/075903.127:ERROR:process_reader_win.cc(151)] SuspendThread: 拒绝访问。 (0x5)
[0627/075903.127:ERROR:exception_snapshot_win.cc(98)] thread ID 113236 not found in process
[0627/075903.133:ERROR:process_reader_win.cc(151)] SuspendThread: 拒绝访问。 (0x5)
[0627/075903.134:ERROR:exception_snapshot_win.cc(98)] thread ID 71604 not found in process
[0627/075903.135:ERROR:process_reader_win.cc(151)] SuspendThread: 拒绝访问。 (0x5)
[0627/075903.135:ERROR:exception_snapshot_win.cc(98)] thread ID 120308 not found in process
[0627/075903.136:ERROR:process_reader_win.cc(151)] SuspendThread: 拒绝访问。 (0x5)
[0627/075903.136:ERROR:exception_snapshot_win.cc(98)] thread ID 71300 not found in process
[0627/075903.351:ERROR:process_reader_win.cc(151)] SuspendThread: 拒绝访问。 (0x5)
[0627/075903.351:ERROR:exception_snapshot_win.cc(98)] thread ID 139576 not found in process
[0627/075903.357:ERROR:process_reader_win.cc(151)] SuspendThread: 拒绝访问。 (0x5)
[0627/075903.358:ERROR:exception_snapshot_win.cc(98)] thread ID 77540 not found in process
[0627/075903.410:ERROR:process_reader_win.cc(151)] SuspendThread: 拒绝访问。 (0x5)
[0627/075903.411:ERROR:exception_snapshot_win.cc(98)] thread ID 97728 not found in process
[0627/075903.414:ERROR:process_reader_win.cc(151)] SuspendThread: 拒绝访问。 (0x5)
[0627/075903.415:ERROR:exception_snapshot_win.cc(98)] thread ID 63664 not found in process
[0627/075903.416:ERROR:process_reader_win.cc(151)] SuspendThread: 拒绝访问。 (0x5)
[0627/075903.416:ERROR:exception_snapshot_win.cc(98)] thread ID 57792 not found in process
[0627/075903.592:ERROR:process_reader_win.cc(151)] SuspendThread: 拒绝访问。 (0x5)
[0627/075903.592:ERROR:exception_snapshot_win.cc(98)] thread ID 108852 not found in process
[0627/075903.729:ERROR:process_reader_win.cc(151)] SuspendThread: 拒绝访问。 (0x5)
[0627/075903.729:ERROR:process_reader_win.cc(151)] SuspendThread: 拒绝访问。 (0x5)
[0627/075903.730:ERROR:exception_snapshot_win.cc(98)] thread ID 91640 not found in process
[0627/075903.730:ERROR:exception_snapshot_win.cc(98)] thread ID 93744 not found in process
[0627/075904.152:ERROR:process_reader_win.cc(151)] SuspendThread: 拒绝访问。 (0x5)
[0627/075904.152:ERROR:exception_snapshot_win.cc(98)] thread ID 123468 not found in process
[0627/075904.430:ERROR:process_reader_win.cc(151)] SuspendThread: 拒绝访问。 (0x5)
[0627/075904.430:ERROR:process_reader_win.cc(151)] SuspendThread: 拒绝访问。 (0x5)
[0627/075904.431:ERROR:exception_snapshot_win.cc(98)] thread ID 143172 not found in process
[0627/075904.431:ERROR:exception_snapshot_win.cc(98)] thread ID 140472 not found in process
[0627/075904.442:ERROR:process_reader_win.cc(151)] SuspendThread: 拒绝访问。 (0x5)
[0627/075904.442:ERROR:process_reader_win.cc(151)] SuspendThread: 拒绝访问。 (0x5)
[0627/075904.442:ERROR:exception_snapshot_win.cc(98)] thread ID 106200 not found in process
[0627/075904.442:ERROR:exception_snapshot_win.cc(98)] thread ID 185396 not found in process
[0627/075904.744:ERROR:process_reader_win.cc(151)] SuspendThread: 拒绝访问。 (0x5)
[0627/075904.745:ERROR:exception_snapshot_win.cc(98)] thread ID 139736 not found in process
[0627/075904.976:ERROR:process_reader_win.cc(151)] SuspendThread: 拒绝访问。 (0x5)
[0627/075904.977:ERROR:exception_snapshot_win.cc(98)] thread ID 106792 not found in process
[0627/075905.013:ERROR:process_reader_win.cc(151)] SuspendThread: 拒绝访问。 (0x5)
[0627/075905.014:ERROR:exception_snapshot_win.cc(98)] thread ID 123416 not found in process
[0627/075905.020:ERROR:process_reader_win.cc(151)] SuspendThread: 拒绝访问。 (0x5)
[0627/075905.021:ERROR:exception_snapshot_win.cc(98)] thread ID 154712 not found in process
[0627/075905.034:ERROR:process_reader_win.cc(151)] SuspendThread: 拒绝访问。 (0x5)
[0627/075905.034:ERROR:process_reader_win.cc(151)] SuspendThread: 拒绝访问。 (0x5)
[0627/075905.035:ERROR:exception_snapshot_win.cc(98)] thread ID 106388 not found in process
[0627/075905.035:ERROR:exception_snapshot_win.cc(98)] thread ID 146608 not found in process
[0627/075905.142:ERROR:process_reader_win.cc(151)] SuspendThread: 拒绝访问。 (0x5)
[0627/075905.142:ERROR:exception_snapshot_win.cc(98)] thread ID 151288 not found in process
[0627/075905.179:ERROR:process_reader_win.cc(151)] SuspendThread: 拒绝访问。 (0x5)
[0627/075905.179:ERROR:exception_snapshot_win.cc(98)] thread ID 149516 not found in process
[0627/075905.277:ERROR:process_reader_win.cc(151)] SuspendThread: 拒绝访问。 (0x5)
[0627/075905.277:ERROR:process_reader_win.cc(151)] SuspendThread: 拒绝访问。 (0x5)
[0627/075905.277:ERROR:exception_snapshot_win.cc(98)] thread ID 96160 not found in process
[0627/075905.277:ERROR:exception_snapshot_win.cc(98)] thread ID 105244 not found in process
[0627/075905.371:ERROR:process_reader_win.cc(151)] SuspendThread: 拒绝访问。 (0x5)
[0627/075905.371:ERROR:exception_snapshot_win.cc(98)] thread ID 91280 not found in process
[0627/075905.377:ERROR:process_reader_win.cc(151)] SuspendThread: 拒绝访问。 (0x5)
[0627/075905.378:ERROR:exception_snapshot_win.cc(98)] thread ID 130144 not found in process
[0627/075905.382:ERROR:process_reader_win.cc(151)] SuspendThread: 拒绝访问。 (0x5)
[0627/075905.382:ERROR:exception_snapshot_win.cc(98)] thread ID 94928 not found in process
[0627/075905.534:ERROR:process_reader_win.cc(151)] SuspendThread: 拒绝访问。 (0x5)
[0627/075905.535:ERROR:process_reader_win.cc(151)] SuspendThread: 拒绝访问。 (0x5)
[0627/075905.535:ERROR:exception_snapshot_win.cc(98)] thread ID 75444 not found in process
[0627/075905.535:ERROR:exception_snapshot_win.cc(98)] thread ID 73084 not found in process
[0627/075905.544:ERROR:process_reader_win.cc(151)] SuspendThread: 拒绝访问。 (0x5)
[0627/075905.545:ERROR:exception_snapshot_win.cc(98)] thread ID 86740 not found in process
[0627/075905.556:ERROR:process_reader_win.cc(151)] SuspendThread: 拒绝访问。 (0x5)
[0627/075905.556:ERROR:exception_snapshot_win.cc(98)] thread ID 111696 not found in process
[0627/075905.560:ERROR:process_reader_win.cc(151)] SuspendThread: 拒绝访问。 (0x5)
[0627/075905.560:ERROR:exception_snapshot_win.cc(98)] thread ID 127488 not found in process
[0627/075905.578:ERROR:process_reader_win.cc(151)] SuspendThread: 拒绝访问。 (0x5)
[0627/075905.578:ERROR:exception_snapshot_win.cc(98)] thread ID 152536 not found in process
[0627/075905.803:ERROR:process_reader_win.cc(151)] SuspendThread: 拒绝访问。 (0x5)
[0627/075905.805:ERROR:exception_snapshot_win.cc(98)] thread ID 140948 not found in process
[0627/075906.034:ERROR:process_reader_win.cc(151)] SuspendThread: 拒绝访问。 (0x5)
[0627/075906.034:ERROR:exception_snapshot_win.cc(98)] thread ID 125188 not found in process
[0627/080208.845:ERROR:process_memory_win.cc(73)] ReadMemory at 0x1eed0dae7c0 of 512 bytes failed: 仅完成部分的 ReadProcessMemory 或 WriteProcessMemory 请求。 (0x12B)
[0627/080208.845:ERROR:process_memory_win.cc(73)] ReadMemory at 0x1eed26910c0 of 512 bytes failed: 仅完成部分的 ReadProcessMemory 或 WriteProcessMemory 请求。 (0x12B)
[0627/080208.845:ERROR:process_memory_win.cc(73)] ReadMemory at 0x1eed27808f0 of 512 bytes failed: 仅完成部分的 ReadProcessMemory 或 WriteProcessMemory 请求。 (0x12B)
[0627/080208.845:ERROR:process_memory_win.cc(73)] ReadMemory at 0x1eed27c9a50 of 512 bytes failed: 仅完成部分的 ReadProcessMemory 或 WriteProcessMemory 请求。 (0x12B)
[0627/080208.845:ERROR:process_memory_win.cc(73)] ReadMemory at 0x1eed27d8658 of 512 bytes failed: 仅完成部分的 ReadProcessMemory 或 WriteProcessMemory 请求。 (0x12B)
[0627/080208.845:ERROR:process_memory_win.cc(73)] ReadMemory at 0x1eed398c780 of 512 bytes failed: 仅完成部分的 ReadProcessMemory 或 WriteProcessMemory 请求。 (0x12B)
[0627/080208.845:ERROR:process_memory_win.cc(73)] ReadMemory at 0x1eed398e600 of 512 bytes failed: 仅完成部分的 ReadProcessMemory 或 WriteProcessMemory 请求。 (0x12B)
[0627/080208.845:ERROR:process_memory_win.cc(73)] ReadMemory at 0x7ffde20e2368 of 512 bytes failed: 仅完成部分的 ReadProcessMemory 或 WriteProcessMemory 请求。 (0x12B)
[0627/080208.845:ERROR:process_memory_win.cc(73)] ReadMemory at 0x7ffdfd68d862 of 512 bytes failed: 仅完成部分的 ReadProcessMemory 或 WriteProcessMemory 请求。 (0x12B)
[0627/080208.846:ERROR:process_memory_win.cc(73)] ReadMemory at 0x7ffe222f3ff8 of 512 bytes failed: 仅完成部分的 ReadProcessMemory 或 WriteProcessMemory 请求。 (0x12B)
[0627/080208.846:ERROR:process_memory_win.cc(73)] ReadMemory at 0x7ffe234f4870 of 512 bytes failed: 仅完成部分的 ReadProcessMemory 或 WriteProcessMemory 请求。 (0x12B)
[0627/080208.906:ERROR:scoped_process_suspend.cc(40)] NtResumeProcess: 已尝试访问正在退出的过程。 (0xc000010a)
[0627/155714.395:ERROR:process_info.cc(329)] VirtualQueryEx: 拒绝访问。 (0x5)
[0627/155714.396:ERROR:process_info.cc(550)] ReadMemoryInfo failed
[0627/155714.396:ERROR:scoped_process_suspend.cc(40)] NtResumeProcess: 已尝试访问正在退出的过程。 (0xc000010a)
[0627/155746.461:ERROR:process_info.cc(329)] VirtualQueryEx: 拒绝访问。 (0x5)
[0627/155746.461:ERROR:process_info.cc(550)] ReadMemoryInfo failed
[0627/155746.461:ERROR:scoped_process_suspend.cc(40)] NtResumeProcess: 已尝试访问正在退出的过程。 (0xc000010a)
[0627/155834.789:ERROR:process_info.cc(329)] VirtualQueryEx: 拒绝访问。 (0x5)
[0627/155834.790:ERROR:process_info.cc(550)] ReadMemoryInfo failed
[0627/155834.790:ERROR:scoped_process_suspend.cc(40)] NtResumeProcess: 已尝试访问正在退出的过程。 (0xc000010a)
[0627/155857.128:ERROR:process_info.cc(329)] VirtualQueryEx: 拒绝访问。 (0x5)
[0627/155857.129:ERROR:process_info.cc(550)] ReadMemoryInfo failed
[0627/155857.129:ERROR:scoped_process_suspend.cc(40)] NtResumeProcess: 已尝试访问正在退出的过程。 (0xc000010a)
[0627/161315.599:ERROR:process_info.cc(329)] VirtualQueryEx: 拒绝访问。 (0x5)
[0627/161315.600:ERROR:process_info.cc(550)] ReadMemoryInfo failed
[0627/161315.600:ERROR:scoped_process_suspend.cc(40)] NtResumeProcess: 已尝试访问正在退出的过程。 (0xc000010a)
[0627/161341.997:ERROR:process_info.cc(329)] VirtualQueryEx: 拒绝访问。 (0x5)
[0627/161341.998:ERROR:process_info.cc(550)] ReadMemoryInfo failed
[0627/161341.998:ERROR:scoped_process_suspend.cc(40)] NtResumeProcess: 已尝试访问正在退出的过程。 (0xc000010a)
[0627/161728.809:ERROR:process_info.cc(329)] VirtualQueryEx: 拒绝访问。 (0x5)
[0627/161728.810:ERROR:process_info.cc(550)] ReadMemoryInfo failed
[0627/161728.810:ERROR:scoped_process_suspend.cc(40)] NtResumeProcess: 已尝试访问正在退出的过程。 (0xc000010a)
